liTest run started
liTest org.scalajs.junit.AssertEqualsDoubleTest.failsWithDouble started
leTest org.scalajs.junit.AssertEqualsDoubleTest.failsWithDouble failed: java.lang.AssertionError: Use assertEquals(expected, actual, delta) to compare floating-point numbers, took <TIME>
e2org.scalajs.junit.AssertEqualsDoubleTest.failsWithDouble::java.lang.AssertionError: Use assertEquals(expected, actual, delta) to compare floating-point numbers::true
ldTest org.scalajs.junit.AssertEqualsDoubleTest.failsWithDouble finished, took <TIME>
liTest org.scalajs.junit.AssertEqualsDoubleTest.failsWithDoubleMessage started
leTest org.scalajs.junit.AssertEqualsDoubleTest.failsWithDoubleMessage failed: java.lang.AssertionError: Use assertEquals(expected, actual, delta) to compare floating-point numbers, took <TIME>
e2org.scalajs.junit.AssertEqualsDoubleTest.failsWithDoubleMessage::java.lang.AssertionError: Use assertEquals(expected, actual, delta) to compare floating-point numbers::true
ldTest org.scalajs.junit.AssertEqualsDoubleTest.failsWithDoubleMessage finished, took <TIME>
liTest org.scalajs.junit.AssertEqualsDoubleTest.worksWithByte started
ldTest org.scalajs.junit.AssertEqualsDoubleTest.worksWithByte finished, took <TIME>
e0org.scalajs.junit.AssertEqualsDoubleTest.worksWithByte::::true
liTest org.scalajs.junit.AssertEqualsDoubleTest.worksWithEpsilon started
ldTest org.scalajs.junit.AssertEqualsDoubleTest.worksWithEpsilon finished, took <TIME>
e0org.scalajs.junit.AssertEqualsDoubleTest.worksWithEpsilon::::true
liTest org.scalajs.junit.AssertEqualsDoubleTest.worksWithInt started
ldTest org.scalajs.junit.AssertEqualsDoubleTest.worksWithInt finished, took <TIME>
e0org.scalajs.junit.AssertEqualsDoubleTest.worksWithInt::::true
liTest org.scalajs.junit.AssertEqualsDoubleTest.worksWithShort started
ldTest org.scalajs.junit.AssertEqualsDoubleTest.worksWithShort finished, took <TIME>
e0org.scalajs.junit.AssertEqualsDoubleTest.worksWithShort::::true
liTest run finished: 2 failed, 0 ignored, 6 total, <TIME>
d
