liTest run started
liTest org.scalajs.junit.AssertEquals2Test.test started
leTest org.scalajs.junit.AssertEquals2Test.test failed: java.lang.AssertionError: This is the message expected:<false> but was:<true>, took <TIME>
e2org.scalajs.junit.AssertEquals2Test.test::java.lang.AssertionError: This is the message expected:<false> but was:<true>::true
ldTest org.scalajs.junit.AssertEquals2Test.test finished, took <TIME>
liTest run finished: 1 failed, 0 ignored, 1 total, <TIME>
d
