ldTest run started
ldTest org.scalajs.junit.AssertFalse2Test.test started
leTest org.scalajs.junit.AssertFalse2Test.test failed: java.lang.AssertionError: This is the message, took <TIME>
e2org.scalajs.junit.AssertFalse2Test.test::java.lang.AssertionError: This is the message::true
ldTest org.scalajs.junit.AssertFalse2Test.test finished, took <TIME>
ldTest run finished: 1 failed, 0 ignored, 1 total, <TIME>
d
