liTest run started
liTest org.scalajs.junit.AssertFalseTest.test started
leTest org.scalajs.junit.AssertFalseTest.test failed: java.lang.AssertionError: null, took <TIME>
e2org.scalajs.junit.AssertFalseTest.test::java.lang.AssertionError::true
ldTest org.scalajs.junit.AssertFalseTest.test finished, took <TIME>
liTest run finished: 1 failed, 0 ignored, 1 total, <TIME>
d
