li[34mTest run started[0m
leTest org.scalajs.junit.[33mExceptionBeforeClass[0m failed: java.lang.[31mIllegalArgumentException[0m: foo, took <TIME>
e2org.scalajs.junit.ExceptionBeforeClass::java.lang.IllegalArgumentException: foo::true
li[34mTest run finished: [0m[31m1 failed[0m[34m, [0m[34m0 ignored[0m[34m, 0 total, <TIME>[0m
d
