liTest run started
liTest org.scalajs.junit.ExceptionInConstructorTest.test started
leTest org.scalajs.junit.ExceptionInConstructorTest.test failed: java.lang.UnsupportedOperationException: Exception while constructing the test class, took <TIME>
e2org.scalajs.junit.ExceptionInConstructorTest.test::java.lang.UnsupportedOperationException: Exception while constructing the test class::true
ldTest org.scalajs.junit.ExceptionInConstructorTest.test finished, took <TIME>
liTest run finished: 1 failed, 0 ignored, 1 total, <TIME>
d
