li[34mTest run started[0m
liTest org.scalajs.junit.[33mExceptionTest[0m.[36mtest[0m started
leTest org.scalajs.junit.[33mExceptionTest[0m.[31mtest[0m failed: java.lang.[31mIndexOutOfBoundsException[0m: Exception message, took <TIME>
e2org.scalajs.junit.ExceptionTest.test::java.lang.IndexOutOfBoundsException: Exception message::true
ldTest org.scalajs.junit.[33mExceptionTest[0m.[36mtest[0m finished, took <TIME>
li[34mTest run finished: [0m[31m1 failed[0m[34m, [0m[34m0 ignored[0m[34m, 1 total, <TIME>[0m
d
