liTest run started
lwTest assumption in test org.scalajs.junit.MultiBeforeAssumeFailTest failed: org.junit.AssumptionViolatedException: This assume should not pass, took <TIME>
e3org.scalajs.junit.MultiBeforeAssumeFailTest::org.junit.AssumptionViolatedException: This assume should not pass::true
liTest run finished: 0 failed, 0 ignored, 0 total, <TIME>
d
