ldTest run started
ldTest org.scalajs.junit.MultiAssumeFail2Test.multiTest1 started
lwTest assumption in test org.scalajs.junit.MultiAssumeFail2Test.multiTest1 failed: org.junit.AssumptionViolatedException: This assume should not pass, took <TIME>
e3org.scalajs.junit.MultiAssumeFail2Test.multiTest1::org.junit.AssumptionViolatedException: This assume should not pass::true
ldTest org.scalajs.junit.MultiAssumeFail2Test.multiTest1 finished, took <TIME>
ldTest org.scalajs.junit.MultiAssumeFail2Test.multiTest2 started
ldTest org.scalajs.junit.MultiAssumeFail2Test.multiTest2 finished, took <TIME>
e0org.scalajs.junit.MultiAssumeFail2Test.multiTest2::::true
ldTest org.scalajs.junit.MultiAssumeFail2Test.multiTest3 started
ldTest org.scalajs.junit.MultiAssumeFail2Test.multiTest3 finished, took <TIME>
e0org.scalajs.junit.MultiAssumeFail2Test.multiTest3::::true
ldTest org.scalajs.junit.MultiAssumeFail2Test.multiTest4 started
lwTest assumption in test org.scalajs.junit.MultiAssumeFail2Test.multiTest4 failed: org.junit.AssumptionViolatedException: This assume should not pass, took <TIME>
e3org.scalajs.junit.MultiAssumeFail2Test.multiTest4::org.junit.AssumptionViolatedException: This assume should not pass::true
ldTest org.scalajs.junit.MultiAssumeFail2Test.multiTest4 finished, took <TIME>
ldTest org.scalajs.junit.MultiAssumeFail2Test.multiTest5 started
ldTest org.scalajs.junit.MultiAssumeFail2Test.multiTest5 finished, took <TIME>
e0org.scalajs.junit.MultiAssumeFail2Test.multiTest5::::true
ldTest run finished: 0 failed, 0 ignored, 5 total, <TIME>
d
